# JRE version: OpenJDK Runtime Environment (8.0_312-b07) (build 1.8.0_312-8u312-b07-0ubuntu1~20.04-b07)
# Java VM: OpenJDK 64-Bit Server VM (25.312-b07 mixed mode linux-amd64 compressed oops)
Heap:
 PSYoungGen      total 498176K, used 186890K [0x000000066ab00000, 0x000000068ce00000, 0x00000007c0000000)
  eden space 455680K, 41% used [0x000000066ab00000,0x0000000676182898,0x0000000686800000)
  from space 42496K, 0% used [0x000000068a480000,0x000000068a480000,0x000000068ce00000)
  to   space 52224K, 0% used [0x0000000686800000,0x0000000686800000,0x0000000689b00000)
 ParOldGen       total 194048K, used 110838K [0x00000003c0000000, 0x00000003cbd80000, 0x000000066ab00000)
  object space 194048K, 57% used [0x00000003c0000000,0x00000003c6c3db00,0x00000003cbd80000)
 Metaspace       used 117652K, capacity 129211K, committed 129432K, reserved 1161216K
  class space    used 16043K, capacity 17066K, committed 17072K, reserved 1048576K
GC Heap History (10 events):
Event: 124.823 GC heap before
{Heap before GC invocations=26 (full 4):
 PSYoungGen      total 349696K, used 349689K [0x000000066ab00000, 0x0000000685c80000, 0x00000007c0000000)
  eden space 327168K, 100% used [0x000000066ab00000,0x000000067ea80000,0x000000067ea80000)
  from space 22528K, 99% used [0x000000067ea80000,0x000000068007e4f8,0x0000000680080000)
  to   space 29184K, 0% used [0x0000000684000000,0x0000000684000000,0x0000000685c80000)
 ParOldGen       total 71680K, used 46704K [0x00000003c0000000, 0x00000003c4600000, 0x000000066ab00000)
  object space 71680K, 65% used [0x00000003c0000000,0x00000003c2d9c1b0,0x00000003c4600000)
 Metaspace       used 117393K, capacity 128995K, committed 129176K, reserved 1161216K
  class space    used 16022K, capacity 17062K, committed 17072K, reserved 1048576K
Event: 124.909 GC heap after
Heap after GC invocations=26 (full 4):
 PSYoungGen      total 401408K, used 29165K [0x000000066ab00000, 0x0000000688580000, 0x00000007c0000000)
  eden space 372224K, 0% used [0x000000066ab00000,0x000000066ab00000,0x0000000681680000)
  from space 29184K, 99% used [0x0000000684000000,0x0000000685c7b618,0x0000000685c80000)
  to   space 42496K, 0% used [0x0000000681680000,0x0000000681680000,0x0000000684000000)
 ParOldGen       total 71680K, used 68995K [0x00000003c0000000, 0x00000003c4600000, 0x000000066ab00000)
  object space 71680K, 96% used [0x00000003c0000000,0x00000003c4360db8,0x00000003c4600000)
 Metaspace       used 117393K, capacity 128995K, committed 129176K, reserved 1161216K
  class space    used 16022K, capacity 17062K, committed 17072K, reserved 1048576K
}
Event: 124.909 GC heap before
{Heap before GC invocations=27 (full 5):
 PSYoungGen      total 401408K, used 29165K [0x000000066ab00000, 0x0000000688580000, 0x00000007c0000000)
  eden space 372224K, 0% used [0x000000066ab00000,0x000000066ab00000,0x0000000681680000)
  from space 29184K, 99% used [0x0000000684000000,0x0000000685c7b618,0x0000000685c80000)
  to   space 42496K, 0% used [0x0000000681680000,0x0000000681680000,0x0000000684000000)
 ParOldGen       total 71680K, used 68995K [0x00000003c0000000, 0x00000003c4600000, 0x000000066ab00000)
  object space 71680K, 96% used [0x00000003c0000000,0x00000003c4360db8,0x00000003c4600000)
 Metaspace       used 117393K, capacity 128995K, committed 129176K, reserved 1161216K
  class space    used 16022K, capacity 17062K, committed 17072K, reserved 1048576K
Event: 125.532 GC heap after
Heap after GC invocations=27 (full 5):
 PSYoungGen      total 401408K, used 11238K [0x000000066ab00000, 0x0000000688580000, 0x00000007c0000000)
  eden space 372224K, 0% used [0x000000066ab00000,0x000000066ab00000,0x0000000681680000)
  from space 29184K, 38% used [0x0000000684000000,0x0000000684af9880,0x0000000685c80000)
  to   space 42496K, 0% used [0x0000000681680000,0x0000000681680000,0x0000000684000000)
 ParOldGen       total 134144K, used 71508K [0x00000003c0000000, 0x00000003c8300000, 0x000000066ab00000)
  object space 134144K, 53% used [0x00000003c0000000,0x00000003c45d52b0,0x00000003c8300000)
 Metaspace       used 117381K, capacity 128965K, committed 129176K, reserved 1161216K
  class space    used 16018K, capacity 17057K, committed 17072K, reserved 1048576K
}
Event: 128.262 GC heap before
{Heap before GC invocations=28 (full 5):
 PSYoungGen      total 401408K, used 382946K [0x000000066ab00000, 0x0000000688580000, 0x00000007c0000000)
  eden space 372224K, 99% used [0x000000066ab00000,0x00000006815ff288,0x0000000681680000)
  from space 29184K, 38% used [0x0000000684000000,0x0000000684af9880,0x0000000685c80000)
  to   space 42496K, 0% used [0x0000000681680000,0x0000000681680000,0x0000000684000000)
 ParOldGen       total 134144K, used 71508K [0x00000003c0000000, 0x00000003c8300000, 0x000000066ab00000)
  object space 134144K, 53% used [0x00000003c0000000,0x00000003c45d52b0,0x00000003c8300000)
 Metaspace       used 117401K, capacity 128989K, committed 129176K, reserved 1161216K
  class space    used 16021K, capacity 17061K, committed 17072K, reserved 1048576K
Event: 128.360 GC heap after
Heap after GC invocations=28 (full 5):
 PSYoungGen      total 414720K, used 42465K [0x000000066ab00000, 0x000000068d900000, 0x00000007c0000000)
  eden space 372224K, 0% used [0x000000066ab00000,0x000000066ab00000,0x0000000681680000)
  from space 42496K, 99% used [0x0000000681680000,0x0000000683ff86c0,0x0000000684000000)
  to   space 53760K, 0% used [0x000000068a480000,0x000000068a480000,0x000000068d900000)
 ParOldGen       total 134144K, used 81148K [0x00000003c0000000, 0x00000003c8300000, 0x000000066ab00000)
  object space 134144K, 60% used [0x00000003c0000000,0x00000003c4f3f130,0x00000003c8300000)
 Metaspace       used 117401K, capacity 128989K, committed 129176K, reserved 1161216K
  class space    used 16021K, capacity 17061K, committed 17072K, reserved 1048576K
}
Event: 150.191 GC heap before
{Heap before GC invocations=29 (full 5):
 PSYoungGen      total 414720K, used 414689K [0x000000066ab00000, 0x000000068d900000, 0x00000007c0000000)
  eden space 372224K, 100% used [0x000000066ab00000,0x0000000681680000,0x0000000681680000)
  from space 42496K, 99% used [0x0000000681680000,0x0000000683ff86c0,0x0000000684000000)
  to   space 53760K, 0% used [0x000000068a480000,0x000000068a480000,0x000000068d900000)
 ParOldGen       total 134144K, used 81148K [0x00000003c0000000, 0x00000003c8300000, 0x000000066ab00000)
  object space 134144K, 60% used [0x00000003c0000000,0x00000003c4f3f130,0x00000003c8300000)
 Metaspace       used 117491K, capacity 129077K, committed 129176K, reserved 1161216K
  class space    used 16031K, capacity 17065K, committed 17072K, reserved 1048576K
Event: 150.281 GC heap after
Heap after GC invocations=29 (full 5):
 PSYoungGen      total 498176K, used 7590K [0x000000066ab00000, 0x000000068ce00000, 0x00000007c0000000)
  eden space 455680K, 0% used [0x000000066ab00000,0x000000066ab00000,0x0000000686800000)
  from space 42496K, 17% used [0x000000068a480000,0x000000068abe9af0,0x000000068ce00000)
  to   space 52224K, 0% used [0x0000000686800000,0x0000000686800000,0x0000000689b00000)
 ParOldGen       total 134144K, used 121646K [0x00000003c0000000, 0x00000003c8300000, 0x000000066ab00000)
  object space 134144K, 90% used [0x00000003c0000000,0x00000003c76cb920,0x00000003c8300000)
 Metaspace       used 117491K, capacity 129077K, committed 129176K, reserved 1161216K
  class space    used 16031K, capacity 17065K, committed 17072K, reserved 1048576K
}
Event: 150.282 GC heap before
{Heap before GC invocations=30 (full 6):
 PSYoungGen      total 498176K, used 7590K [0x000000066ab00000, 0x000000068ce00000, 0x00000007c0000000)
  eden space 455680K, 0% used [0x000000066ab00000,0x000000066ab00000,0x0000000686800000)
  from space 42496K, 17% used [0x000000068a480000,0x000000068abe9af0,0x000000068ce00000)
  to   space 52224K, 0% used [0x0000000686800000,0x0000000686800000,0x0000000689b00000)
 ParOldGen       total 134144K, used 121646K [0x00000003c0000000, 0x00000003c8300000, 0x000000066ab00000)
  object space 134144K, 90% used [0x00000003c0000000,0x00000003c76cb920,0x00000003c8300000)
 Metaspace       used 117491K, capacity 129077K, committed 129176K, reserved 1161216K
  class space    used 16031K, capacity 17065K, committed 17072K, reserved 1048576K
Event: 150.832 GC heap after
Heap after GC invocations=30 (full 6):
 PSYoungGen      total 498176K, used 0K [0x000000066ab00000, 0x000000068ce00000, 0x00000007c0000000)
  eden space 455680K, 0% used [0x000000066ab00000,0x000000066ab00000,0x0000000686800000)
  from space 42496K, 0% used [0x000000068a480000,0x000000068a480000,0x000000068ce00000)
  to   space 52224K, 0% used [0x0000000686800000,0x0000000686800000,0x0000000689b00000)
 ParOldGen       total 194048K, used 110838K [0x00000003c0000000, 0x00000003cbd80000, 0x000000066ab00000)
  object space 194048K, 57% used [0x00000003c0000000,0x00000003c6c3db00,0x00000003cbd80000)
 Metaspace       used 117491K, capacity 129077K, committed 129176K, reserved 1161216K
  class space    used 16031K, capacity 17065K, committed 17072K, reserved 1048576K
}

